Traceback (most recent call last):
  File "/root/ubuntu_deploy/weibo.py", line 2, in <module>
    from bs4 import BeautifulSoup
ModuleNotFoundError: No module named 'bs4'
------------------------------
统计日期: 2026-01-04
写入CSV日期: 2026-01-03（统计日期前一天）
运营线路: 20
昨日客流: 1016.00 (万)
------------------------------

数据已保存到: /root/ubuntu_deploy/shanghai_metro_data.csv
------------------------------
统计日期: 2026-01-05
写入CSV日期: 2026-01-04（统计日期前一天）
运营线路: 20
昨日客流: 1099.00 (万)
------------------------------

数据已保存到: /root/ubuntu_deploy/shanghai_metro_data.csv
开始上传飞书多维表格...
[Lark] [2026-01-07 11:25:04,317] [DEBUG] POST https://open.feishu.cn/open-apis/bitable/v1/apps/U7Oibq2HIaoOVdsBeqccFp6gnAg/tables/tblocD8QRdUqUi9Z/records 401, headers: {"User-Agent": "oapi-sdk-python/v1.5.2", "Content-Type": "application/json; charset=utf-8", "Authorization": "Bearer u-da.S8FSYhfdo48.0RSu26p5kknMgl4ghVM8aEQww0EZ6"}, params: [], body: {"fields": {"日期": "", "地铁运营路线数": "20", "人次": "1016.00"}}
[Lark] [2026-01-07 11:25:04,319] [ERROR] create failed, code: 99991677, msg: Authentication token expired. Please request a new one., log_id: 202601071125040EF607640D616C044EB3, resp: 
{
    "code": 99991677,
    "msg": "Authentication token expired. Please request a new one.",
    "error": {
        "log_id": "202601071125040EF607640D616C044EB3",
        "troubleshooter": "排查建议查看(Troubleshooting suggestions): https://open.feishu.cn/search?from=openapi&log_id=202601071125040EF607640D616C044EB3&code=99991677&method_id=6965347212289490946"
    }
}
[Lark] [2026-01-07 11:25:04,447] [DEBUG] POST https://open.feishu.cn/open-apis/bitable/v1/apps/U7Oibq2HIaoOVdsBeqccFp6gnAg/tables/tblocD8QRdUqUi9Z/records 401, headers: {"User-Agent": "oapi-sdk-python/v1.5.2", "Content-Type": "application/json; charset=utf-8", "Authorization": "Bearer u-da.S8FSYhfdo48.0RSu26p5kknMgl4ghVM8aEQww0EZ6"}, params: [], body: {"fields": {"日期": "", "地铁运营路线数": "20", "人次": "1099.00"}}
[Lark] [2026-01-07 11:25:04,448] [ERROR] create failed, code: 99991677, msg: Authentication token expired. Please request a new one., log_id: 20260107112504882879158045E4FF7B42, resp: 
{
    "code": 99991677,
    "msg": "Authentication token expired. Please request a new one.",
    "error": {
        "log_id": "20260107112504882879158045E4FF7B42",
        "troubleshooter": "排查建议查看(Troubleshooting suggestions): https://open.feishu.cn/search?from=openapi&log_id=20260107112504882879158045E4FF7B42&code=99991677&method_id=6965347212289490946"
    }
}
